2026-01-29T20:39:10.852Z CLI debug [main]     Starting main function execution
2026-01-29T20:39:10.852Z CLI debug [main]     Generated binSessionId: 7767e687-07d1-4c54-b408-b176e4162ebe
2026-01-29T20:39:10.858Z CLI debug [main]     Resolved listen address: 127.0.0.1:5400
2026-01-29T20:39:10.875Z CLI info [main]     Server listening on port: 5400
2026-01-29T20:39:10.875Z CLI debug     [2026-01-29T20:39:10.875Z][ TEST REPORTING AND ANALYTICS ] Monitoring has started
2026-01-29T20:39:10.925Z CLI debug [core:bin-session]     Starting bin session with config: {"binSessionId":"7767e687-07d1-4c54-b408-b176e4162ebe","sdkLanguage":"ECMAScript","sdkVersion":"8.48.0","pathProject":"C:\\Training\\mobile-automation-wdio","pathConfig":"C:\\Training\\mobile-automation-wdio\\browserstack.yml","cliArgs":["run","wdio.conf.js"],"frameworks":["WebdriverIO","WebdriverIO-mocha"],"frameworkVersions":{"WebdriverIO":"8.48.0","WebdriverIO-mocha":"8.48.0"},"language":"ECMAScript","languageVersion":"","testFramework":"WebdriverIO-mocha","wdioConfig":"{\"userName\":\"jadsondanilocall_BWul5z\",\"accessKey\":\"pB3uaotxBqZ3TwpH6ANm\",\"platforms\":[{\"platformName\":\"Android\",\"appium:deviceName\":\"Google Pixel 7\",\"appium:platformVersion\":\"13.0\",\"appium:automationName\":\"UiAutomator2\",\"appium:app\":\"bs://45e6d3f083e82753e319f152e1687a3d89dfcc2c\",\"projectName\":\"Smoke Test\",\"buildName\":\"Primeira execucao\",\"sessionName\":\"Abrir App\",\"wdioService\":\"8.48.0\"}],\"isNonBstackA11yWDIO\":false,\"accessibility\":null,\"testObservability\":true,\"testContextOptions\":{\"skipSessionName\":false,\"skipSessionStatus\":false,\"sessionNameOmitTestTitle\":false,\"sessionNamePrependTopLevelSuiteTitle\":false,\"sessionNameFormat\":\"\"},\"buildTag\":[]}"}
2026-01-29T20:39:10.927Z CLI info     Config : {"userName":"[REDACTED]","accessKey":"[REDACTED]","platforms":[{"platformName":"Android","appium:deviceName":"Google Pixel 7","appium:platformVersion":"13.0","appium:automationName":"UiAutomator2","appium:app":"bs://45e6d3f083e82753e319f152e1687a3d89dfcc2c","projectName":"Smoke Test","buildName":"Primeira execucao","sessionName":"Abrir App","wdioService":"8.48.0"}],"isNonBstackA11yWDIO":false,"accessibility":null,"testObservability":true,"testContextOptions":{"skipSessionName":false,"skipSessionStatus":false,"sessionNameOmitTestTitle":false,"sessionNamePrependTopLevelSuiteTitle":false,"sessionNameFormat":""},"buildTag":[]}
2026-01-29T20:39:10.928Z CLI debug [TEST REPORTING AND ANALYTICS:git]     Unable to find a Git directory
2026-01-29T20:39:10.958Z CLI info     Should start debug utility: undefined
2026-01-29T20:39:10.960Z CLI debug [sdk:service]  [jadsondanilocall_BWul5z]   [7767e687-07d1-4c54-b408-b176e4162ebe]  StartBinSession details: {"binSessionId":"7767e687-07d1-4c54-b408-b176e4162ebe","sdkLanguage":"ECMAScript","sdkVersion":"8.48.0","pathProject":"C:\\Training\\mobile-automation-wdio","pathConfig":"C:\\Training\\mobile-automation-wdio\\browserstack.yml","cliArgs":["run","wdio.conf.js"],"frameworks":["WebdriverIO","WebdriverIO-mocha"],"frameworkVersions":{"WebdriverIO":"8.48.0","WebdriverIO-mocha":"8.48.0"},"language":"ECMAScript","languageVersion":"","testFramework":"WebdriverIO-mocha","wdioConfig":"{\"userName\":\"[REDACTED]\",\"accessKey\":\"[REDACTED]\",\"platforms\":[{\"platformName\":\"Android\",\"appium:deviceName\":\"Google Pixel 7\",\"appium:platformVersion\":\"13.0\",\"appium:automationName\":\"UiAutomator2\",\"appium:app\":\"bs://45e6d3f083e82753e319f152e1687a3d89dfcc2c\",\"projectName\":\"Smoke Test\",\"buildName\":\"Primeira execucao\",\"sessionName\":\"Abrir App\",\"wdioService\":\"8.48.0\"}],\"isNonBstackA11yWDIO\":false,\"accessibility\":null,\"testObservability\":true,\"testContextOptions\":{\"skipSessionName\":false,\"skipSessionStatus\":false,\"sessionNameOmitTestTitle\":false,\"sessionNamePrependTopLevelSuiteTitle\":false,\"sessionNameFormat\":\"\"},\"buildTag\":[]}","id":"7767e687-07d1-4c54-b408-b176e4162ebe","config":{"userName":"[REDACTED]","accessKey":"[REDACTED]","platforms":[{"platformName":"Android","appium:deviceName":"Google Pixel 7","appium:platformVersion":"13.0","appium:automationName":"UiAutomator2","appium:app":"bs://45e6d3f083e82753e319f152e1687a3d89dfcc2c","projectName":"Smoke Test","buildName":"Primeira execucao","sessionName":"Abrir App","wdioService":"8.48.0"}],"isNonBstackA11yWDIO":false,"accessibility":null,"testObservability":true,"testContextOptions":{"skipSessionName":false,"skipSessionStatus":false,"sessionNameOmitTestTitle":false,"sessionNamePrependTopLevelSuiteTitle":false,"sessionNameFormat":""},"buildTag":[],"browserstackLocal":false,"browserstackAutomation":true,"selfHeal":false,"disableAutoCaptureLogs":false,"testhub":true,"additionalPlatforms":[],"additionalParams":{},"buildName":"Primeira execucao","projectName":"Smoke Test","buildIdentifier":"#1","browserStackLocalOptions":{"key":"[REDACTED]","skipBinaryInitialisation":false}},"ciInfo":{"build_number":null},"versionControlInfo":{},"hostInfo":{"hostname":"GFT-H0QHVP3","platform":"win32","type":"Windows_NT","version":"Windows 10 Enterprise","arch":"x64"},"data":{},"isAppAutomate":false,"browserstackSDK":"WebdriverIO-mocha-ECMAScriptagent/8.48.0","productMap":{"observability":true,"accessibility":false,"percy":false,"automate":true,"app_automate":false,"turboscale":false,"central_scanner":false,"lts":false}}
2026-01-29T20:39:10.960Z CLI info [testhub:module]  [jadsondanilocall_BWul5z]   [7767e687-07d1-4c54-b408-b176e4162ebe]  Starting testhub from 15384:0
2026-01-29T20:39:10.961Z CLI debug [testhub:module]  [jadsondanilocall_BWul5z]   [7767e687-07d1-4c54-b408-b176e4162ebe]  startBuild: payload={"started_at":"2026-01-29T20:39:10.960Z","host_info":{"hostname":"GFT-H0QHVP3","platform":"win32","type":"Windows_NT","version":"Windows 10 Enterprise","arch":"x64"},"ci_info":{"build_number":null},"version_control":{},"project_name":"Smoke Test","name":"Primeira execucao","build_identifier":"#1","build_run_identifier":null,"description":"","tags":[],"failed_tests_rerun":false,"accessibility":{"settings":{}},"framework_details":{"frameworkName":"WebdriverIO-mocha","frameworkVersion":"8.48.0","sdkVersion":"8.48.0","cliVersion":"1.21.2","language":"ECMAScript","testFramework":{"name":"WebdriverIO","version":"8.48.0"}},"product_map":{"observability":true,"accessibility":null,"percy":false,"automate":true,"app_automate":false,"lts":false},"browserstackAutomation":true,"test_orchestration":{}}
2026-01-29T20:39:10.961Z CLI info  [jadsondanilocall_BWul5z]   [7767e687-07d1-4c54-b408-b176e4162ebe]  [PRODUCTION] Making POST request to https://sdk.browserstack.com
2026-01-29T20:39:10.962Z CLI debug [core:http]  [jadsondanilocall_BWul5z]   [7767e687-07d1-4c54-b408-b176e4162ebe]  Sending request to https://sdk.browserstack.com/api/v1/build/start
2026-01-29T20:39:10.963Z CLI debug [selenium]  [jadsondanilocall_BWul5z]   [7767e687-07d1-4c54-b408-b176e4162ebe]  FindNearestHub called with hubPath: /wd/hub
2026-01-29T20:39:10.963Z CLI debug [selenium]  [jadsondanilocall_BWul5z]   [7767e687-07d1-4c54-b408-b176e4162ebe]  No cached result or no search in-progress, initiating findNearestHub
2026-01-29T20:39:10.963Z CLI debug [selenium]  [jadsondanilocall_BWul5z]   [7767e687-07d1-4c54-b408-b176e4162ebe]  Fetching list of next available hubs from BrowserStack
2026-01-29T20:39:10.964Z CLI info  [jadsondanilocall_BWul5z]   [7767e687-07d1-4c54-b408-b176e4162ebe]  [PRODUCTION] Making GET request to https://hub.browserstack.com
2026-01-29T20:39:10.964Z CLI debug [core:http]  [jadsondanilocall_BWul5z]   [7767e687-07d1-4c54-b408-b176e4162ebe]  Sending request to https://hub.browserstack.com/next_hubs
2026-01-29T20:39:29.207Z CLI debug [core:http]  [jadsondanilocall_BWul5z]   [7767e687-07d1-4c54-b408-b176e4162ebe]  Error response from https://hub.browserstack.com/next_hubs: Network Error Timeout awaiting 'request' for 5000ms
2026-01-29T20:39:29.209Z CLI error [selenium]  [jadsondanilocall_BWul5z]   [7767e687-07d1-4c54-b408-b176e4162ebe]  Error finding nearest hub: Timeout awaiting 'request' for 5000ms
2026-01-29T20:39:29.211Z CLI debug  [jadsondanilocall_BWul5z]   [7767e687-07d1-4c54-b408-b176e4162ebe]  Need to write this in file sdk:cli:findNearestHub
2026-01-29T20:39:29.213Z CLI debug  [jadsondanilocall_BWul5z]   [7767e687-07d1-4c54-b408-b176e4162ebe]  lock attaned.
2026-01-29T20:39:29.215Z CLI debug  [jadsondanilocall_BWul5z]   [7767e687-07d1-4c54-b408-b176e4162ebe]  Not Needed to write this in file request:https://hub.browserstack.com/next_hubs {"name":"request:https://hub.browserstack.com/next_hubs","entryType":"measure","startTime":1769719150974.0366,"duration":18244.1942999959,"detail":null,"success":false,"failure":{"name":"TimeoutError","code":"ETIMEDOUT","timings":{"start":1769719164194,"socket":1769719164194,"lookup":1769719164197,"error":1769719169207,"phases":{"wait":0,"dns":3,"total":5013}},"event":"request"},"worker":"unknown","platform":0}
2026-01-29T20:39:32.122Z CLI debug [core:http]  [jadsondanilocall_BWul5z]   [7767e687-07d1-4c54-b408-b176e4162ebe]  Error response from https://sdk.browserstack.com/api/v1/build/start: Network Error connect ETIMEDOUT 104.19.162.75:443
2026-01-29T20:39:32.128Z CLI debug [testhub:module]  [jadsondanilocall_BWul5z]   [7767e687-07d1-4c54-b408-b176e4162ebe]  Central Auth Server returned non 2xx, triggering fallback _0x212801 [RequestError]: connect ETIMEDOUT 104.19.162.75:443
    at ClientRequest.<anonymous> (C:\snapshot\browserstack-binary\cli\dist\index.js)
    at Object.onceWrapper (node:events:632:26)
    at ClientRequest.emit (node:events:529:35)
    at ClientRequest.emit (node:domain:489:12)
    at ClientRequest.<anonymous> (C:\snapshot\browserstack-binary\cli\dist\index.js)
    at TLSSocket.socketErrorListener (node:_http_client:501:9)
    at TLSSocket.emit (node:events:517:28)
    at TLSSocket.emit (node:domain:489:12)
    at emitErrorNT (node:internal/streams/destroy:151:8)
    at emitErrorCloseNT (node:internal/streams/destroy:116:3)
    at TCPConnectWrap.afterConnect [as oncomplete] (node:net:1555:16) {
  code: 'ETIMEDOUT',
  timings: {
    start: 1769719150998,
    socket: 1769719151002,
    lookup: 1769719151077,
    connect: undefined,
    secureConnect: undefined,
    upload: undefined,
    response: undefined,
    end: undefined,
    error: 1769719172122,
    abort: undefined,
    phases: {
      wait: 4,
      dns: 75,
      tcp: undefined,
      tls: undefined,
      request: undefined,
      firstByte: undefined,
      download: undefined,
      total: 21124
    }
  }
}
2026-01-29T20:39:32.129Z CLI info  [jadsondanilocall_BWul5z]   [7767e687-07d1-4c54-b408-b176e4162ebe]  [PRODUCTION] Making POST request to https://collector-observability.browserstack.com
2026-01-29T20:39:32.130Z CLI debug [core:http]  [jadsondanilocall_BWul5z]   [7767e687-07d1-4c54-b408-b176e4162ebe]  Sending request to https://collector-observability.browserstack.com/api/v2/builds
2026-01-29T20:39:32.135Z CLI debug  [jadsondanilocall_BWul5z]   [7767e687-07d1-4c54-b408-b176e4162ebe]  Not Needed to write this in file request:https://sdk.browserstack.com/api/v1/build/start {"name":"request:https://sdk.browserstack.com/api/v1/build/start","entryType":"measure","startTime":1769719150972.3035,"duration":21160.755900003016,"detail":null,"success":false,"failure":{"name":"RequestError","code":"ETIMEDOUT","timings":{"start":1769719150998,"socket":1769719151002,"lookup":1769719151077,"error":1769719172122,"phases":{"wait":4,"dns":75,"total":21124}}},"worker":"unknown","platform":0}
2026-01-29T20:39:40.007Z CLI debug [core:http]  [jadsondanilocall_BWul5z]   [7767e687-07d1-4c54-b408-b176e4162ebe]  Response from https://collector-observability.browserstack.com/api/v2/builds: 200 OK
2026-01-29T20:39:40.010Z CLI debug [TEST REPORTING AND ANALYTICS:http]  [jadsondanilocall_BWul5z]   [7767e687-07d1-4c54-b408-b176e4162ebe]  Response from undefined: 200
2026-01-29T20:39:40.010Z CLI info [testhub:module]  [jadsondanilocall_BWul5z]   [7767e687-07d1-4c54-b408-b176e4162ebe]  startBuild: response=jlsu8ykqepxxrvcxbzsmdizcxsnxyk6a3wqjd8l2
2026-01-29T20:39:40.011Z CLI debug [testhub:module]  [jadsondanilocall_BWul5z]  [jlsu8ykqepxxrvcxbzsmdizcxsnxyk6a3wqjd8l2]  [7767e687-07d1-4c54-b408-b176e4162ebe]  onStart: 7767e687-07d1-4c54-b408-b176e4162ebe
2026-01-29T20:39:40.013Z CLI debug  [jadsondanilocall_BWul5z]  [jlsu8ykqepxxrvcxbzsmdizcxsnxyk6a3wqjd8l2]  [7767e687-07d1-4c54-b408-b176e4162ebe]  Firing CLI event for funnel data at sdk/v1/event
2026-01-29T20:39:40.013Z CLI debug [instrumentation:funnel]  [jadsondanilocall_BWul5z]  [jlsu8ykqepxxrvcxbzsmdizcxsnxyk6a3wqjd8l2]  [7767e687-07d1-4c54-b408-b176e4162ebe]  Sending request to sdk/v1/event
2026-01-29T20:39:40.013Z CLI info  [jadsondanilocall_BWul5z]  [jlsu8ykqepxxrvcxbzsmdizcxsnxyk6a3wqjd8l2]  [7767e687-07d1-4c54-b408-b176e4162ebe]  [PRODUCTION] Making POST request to https://api.browserstack.com
2026-01-29T20:39:40.014Z CLI debug [core:http]  [jadsondanilocall_BWul5z]  [jlsu8ykqepxxrvcxbzsmdizcxsnxyk6a3wqjd8l2]  [7767e687-07d1-4c54-b408-b176e4162ebe]  Sending request to https://api.browserstack.com/sdk/v1/event
2026-01-29T20:39:40.019Z CLI debug  [jadsondanilocall_BWul5z]  [jlsu8ykqepxxrvcxbzsmdizcxsnxyk6a3wqjd8l2]  [7767e687-07d1-4c54-b408-b176e4162ebe]  Not Needed to write this in file sdk:hook:onStart:_0x165ee8 {"name":"sdk:hook:onStart:_0x165ee8","entryType":"measure","startTime":1769719150970.2969,"duration":29051.03180000186,"detail":null,"success":true,"failure":null,"worker":"unknown","platform":0}
2026-01-29T20:39:40.019Z CLI debug  [jadsondanilocall_BWul5z]  [jlsu8ykqepxxrvcxbzsmdizcxsnxyk6a3wqjd8l2]  [7767e687-07d1-4c54-b408-b176e4162ebe]  Need to write this in file sdk:testhub
2026-01-29T20:39:40.021Z CLI debug  [jadsondanilocall_BWul5z]  [jlsu8ykqepxxrvcxbzsmdizcxsnxyk6a3wqjd8l2]  [7767e687-07d1-4c54-b408-b176e4162ebe]  lock attaned.
2026-01-29T20:39:40.022Z CLI debug  [jadsondanilocall_BWul5z]  [jlsu8ykqepxxrvcxbzsmdizcxsnxyk6a3wqjd8l2]  [7767e687-07d1-4c54-b408-b176e4162ebe]  Not Needed to write this in file request:https://collector-observability.browserstack.com/api/v2/builds {"name":"request:https://collector-observability.browserstack.com/api/v2/builds","entryType":"measure","startTime":1769719172140.0278,"duration":7879.598900005221,"detail":null,"success":true,"failure":null,"worker":"unknown","platform":0}
2026-01-29T20:39:40.275Z CLI debug [core:http]  [jadsondanilocall_BWul5z]  [jlsu8ykqepxxrvcxbzsmdizcxsnxyk6a3wqjd8l2]  [7767e687-07d1-4c54-b408-b176e4162ebe]  Response from https://api.browserstack.com/sdk/v1/event: 200 OK
2026-01-29T20:39:40.275Z CLI debug [instrumentation:funnel]  [jadsondanilocall_BWul5z]  [jlsu8ykqepxxrvcxbzsmdizcxsnxyk6a3wqjd8l2]  [7767e687-07d1-4c54-b408-b176e4162ebe]  Response from sdk/v1/event: 200
2026-01-29T20:39:40.276Z CLI debug [instrumentation:funnel]  [jadsondanilocall_BWul5z]  [jlsu8ykqepxxrvcxbzsmdizcxsnxyk6a3wqjd8l2]  [7767e687-07d1-4c54-b408-b176e4162ebe]  API Event response - {"data":{"message":"SDK Event recorded successfully"},"body":"{\"message\":\"SDK Event recorded successfully\"}","statusCode":200}
2026-01-29T20:39:40.276Z CLI debug [instrumentation:module]  [jadsondanilocall_BWul5z]  [jlsu8ykqepxxrvcxbzsmdizcxsnxyk6a3wqjd8l2]  [7767e687-07d1-4c54-b408-b176e4162ebe]  Instrumentation onStart: 7767e687-07d1-4c54-b408-b176e4162ebe
2026-01-29T20:39:40.276Z CLI debug [TEST REPORTING AND ANALYTICS:module]  [jadsondanilocall_BWul5z]  [jlsu8ykqepxxrvcxbzsmdizcxsnxyk6a3wqjd8l2]  [7767e687-07d1-4c54-b408-b176e4162ebe]  onStart: 7767e687-07d1-4c54-b408-b176e4162ebe language=ecmascript
2026-01-29T20:39:40.277Z CLI debug [ai:module]  [jadsondanilocall_BWul5z]  [jlsu8ykqepxxrvcxbzsmdizcxsnxyk6a3wqjd8l2]  [7767e687-07d1-4c54-b408-b176e4162ebe]  onStart: enabled=false isAuthenticated=undefined
2026-01-29T20:39:40.277Z CLI debug [percy:module]  [jadsondanilocall_BWul5z]  [jlsu8ykqepxxrvcxbzsmdizcxsnxyk6a3wqjd8l2]  [7767e687-07d1-4c54-b408-b176e4162ebe]  onStart: enabled=false configured=false
2026-01-29T20:39:40.278Z CLI debug [local:module]  [jadsondanilocall_BWul5z]  [jlsu8ykqepxxrvcxbzsmdizcxsnxyk6a3wqjd8l2]  [7767e687-07d1-4c54-b408-b176e4162ebe]  onStart: enabled=undefined configured=undefined
2026-01-29T20:39:40.278Z CLI debug [app-automate:module]  [jadsondanilocall_BWul5z]  [jlsu8ykqepxxrvcxbzsmdizcxsnxyk6a3wqjd8l2]  [7767e687-07d1-4c54-b408-b176e4162ebe]  App handling disabled.
2026-01-29T20:39:40.278Z CLI debug [sdk:service]  [jadsondanilocall_BWul5z]  [jlsu8ykqepxxrvcxbzsmdizcxsnxyk6a3wqjd8l2]  [7767e687-07d1-4c54-b408-b176e4162ebe]  onStart hook invoked successfully.
2026-01-29T20:39:40.278Z CLI error [sdk:service]  [jadsondanilocall_BWul5z]  [jlsu8ykqepxxrvcxbzsmdizcxsnxyk6a3wqjd8l2]  [7767e687-07d1-4c54-b408-b176e4162ebe]  Failed to fetch BStack hub: TimeoutError: Timeout awaiting 'request' for 5000ms
2026-01-29T20:39:40.278Z CLI debug [core:bin-session]  [jadsondanilocall_BWul5z]  [jlsu8ykqepxxrvcxbzsmdizcxsnxyk6a3wqjd8l2]  [7767e687-07d1-4c54-b408-b176e4162ebe]  Starting to generate capabilities for all platforms.
2026-01-29T20:39:40.279Z CLI debug [core:bin-session]  [jadsondanilocall_BWul5z]  [jlsu8ykqepxxrvcxbzsmdizcxsnxyk6a3wqjd8l2]  [7767e687-07d1-4c54-b408-b176e4162ebe]  Primary platforms to configure: 1, additional: 0)
2026-01-29T20:39:40.279Z CLI debug [core:bin-session]  [jadsondanilocall_BWul5z]  [jlsu8ykqepxxrvcxbzsmdizcxsnxyk6a3wqjd8l2]  [7767e687-07d1-4c54-b408-b176e4162ebe]  Processing platform: 0
2026-01-29T20:39:40.279Z CLI debug  [jadsondanilocall_BWul5z]  [jlsu8ykqepxxrvcxbzsmdizcxsnxyk6a3wqjd8l2]  [7767e687-07d1-4c54-b408-b176e4162ebe]  Platform caps before processing (isSecondaryDriver=false): {"platformName":"Android","appium:deviceName":"Google Pixel 7","appium:platformVersion":"13.0","appium:automationName":"UiAutomator2","appium:app":"bs://45e6d3f083e82753e319f152e1687a3d89dfcc2c","projectName":"Smoke Test","buildName":"Primeira execucao","sessionName":"Abrir App","wdioService":"8.48.0"}
2026-01-29T20:39:40.280Z CLI debug  [jadsondanilocall_BWul5z]  [jlsu8ykqepxxrvcxbzsmdizcxsnxyk6a3wqjd8l2]  [7767e687-07d1-4c54-b408-b176e4162ebe]  root caps before processing: {"appium:deviceName":"Google Pixel 7","appium:platformVersion":"13.0","appium:automationName":"UiAutomator2","appium:app":"bs://45e6d3f083e82753e319f152e1687a3d89dfcc2c"}
2026-01-29T20:39:40.280Z CLI debug  [jadsondanilocall_BWul5z]  [jlsu8ykqepxxrvcxbzsmdizcxsnxyk6a3wqjd8l2]  [7767e687-07d1-4c54-b408-b176e4162ebe]  bstack caps before processing: {"userName":"[REDACTED]","accessKey":"[REDACTED]","buildName":"Primeira execucao","projectName":"Smoke Test","buildIdentifier":"#1","platformName":"Android","sessionName":"Abrir App","wdioService":"8.48.0","hostName":"GFT-H0QHVP3","browserstackSDK":"WebdriverIO-mocha-ECMAScriptagent/8.48.0"}
2026-01-29T20:39:40.281Z CLI debug  [jadsondanilocall_BWul5z]  [jlsu8ykqepxxrvcxbzsmdizcxsnxyk6a3wqjd8l2]  [7767e687-07d1-4c54-b408-b176e4162ebe]  root caps after processing: {"appium:deviceName":"Google Pixel 7","appium:platformVersion":"13.0","appium:automationName":"UiAutomator2","appium:app":"bs://45e6d3f083e82753e319f152e1687a3d89dfcc2c"}
2026-01-29T20:39:40.282Z CLI debug  [jadsondanilocall_BWul5z]  [jlsu8ykqepxxrvcxbzsmdizcxsnxyk6a3wqjd8l2]  [7767e687-07d1-4c54-b408-b176e4162ebe]  bstack caps after processing: {"userName":"[REDACTED]","accessKey":"[REDACTED]","buildName":"Primeira execucao","projectName":"Smoke Test","buildIdentifier":"#1","platformName":"Android","sessionName":"Abrir App","wdioService":"8.48.0","hostName":"GFT-H0QHVP3","browserstackSDK":"WebdriverIO-mocha-ECMAScriptagent/8.48.0"}
2026-01-29T20:39:40.282Z CLI debug [core:bin-session]  [jadsondanilocall_BWul5z]  [jlsu8ykqepxxrvcxbzsmdizcxsnxyk6a3wqjd8l2]  [7767e687-07d1-4c54-b408-b176e4162ebe]  Generated capabilities for platform 0:, {"appium:automationName":"UiAutomator2","appium:app":"bs://45e6d3f083e82753e319f152e1687a3d89dfcc2c","bstack:options":{"userName":"[REDACTED]","accessKey":"[REDACTED]","buildName":"Primeira execucao","projectName":"Smoke Test","buildIdentifier":"#1","platformName":"Android","sessionName":"Abrir App","wdioService":"8.48.0","hostName":"GFT-H0QHVP3","browserstackSDK":"WebdriverIO-mocha-ECMAScriptagent/8.48.0","buildProductMap":{"observability":true,"accessibility":false,"percy":false,"automate":true,"app_automate":false,"turboscale":false,"central_scanner":false,"lts":false},"deviceName":"Google Pixel 7","platformVersion":"13.0","useW3C":true,"accessibilityOptions":{}}}
2026-01-29T20:39:40.282Z CLI debug [core:bin-session]  [jadsondanilocall_BWul5z]  [jlsu8ykqepxxrvcxbzsmdizcxsnxyk6a3wqjd8l2]  [7767e687-07d1-4c54-b408-b176e4162ebe]  Capabilities set for platform 0
2026-01-29T20:39:40.282Z CLI debug [core:bin-session]  [jadsondanilocall_BWul5z]  [jlsu8ykqepxxrvcxbzsmdizcxsnxyk6a3wqjd8l2]  [7767e687-07d1-4c54-b408-b176e4162ebe]  Finished generating capabilities for all platforms. session {"binSessionId":"7767e687-07d1-4c54-b408-b176e4162ebe","sdkLanguage":"ECMAScript","sdkVersion":"8.48.0","pathProject":"C:\\Training\\mobile-automation-wdio","pathConfig":"C:\\Training\\mobile-automation-wdio\\browserstack.yml","cliArgs":["run","wdio.conf.js"],"frameworks":["WebdriverIO","WebdriverIO-mocha"],"frameworkVersions":{"WebdriverIO":"8.48.0","WebdriverIO-mocha":"8.48.0"},"language":"ECMAScript","languageVersion":"","testFramework":"WebdriverIO-mocha","wdioConfig":"{\"userName\":\"[REDACTED]\",\"accessKey\":\"[REDACTED]\",\"platforms\":[{\"platformName\":\"Android\",\"appium:deviceName\":\"Google Pixel 7\",\"appium:platformVersion\":\"13.0\",\"appium:automationName\":\"UiAutomator2\",\"appium:app\":\"bs://45e6d3f083e82753e319f152e1687a3d89dfcc2c\",\"projectName\":\"Smoke Test\",\"buildName\":\"Primeira execucao\",\"sessionName\":\"Abrir App\",\"wdioService\":\"8.48.0\"}],\"isNonBstackA11yWDIO\":false,\"accessibility\":null,\"testObservability\":true,\"testContextOptions\":{\"skipSessionName\":false,\"skipSessionStatus\":false,\"sessionNameOmitTestTitle\":false,\"sessionNamePrependTopLevelSuiteTitle\":false,\"sessionNameFormat\":\"\"},\"buildTag\":[]}","id":"7767e687-07d1-4c54-b408-b176e4162ebe","config":{"userName":"[REDACTED]","accessKey":"[REDACTED]","platforms":[{"platformName":"Android","appium:deviceName":"Google Pixel 7","appium:platformVersion":"13.0","appium:automationName":"UiAutomator2","appium:app":"bs://45e6d3f083e82753e319f152e1687a3d89dfcc2c","projectName":"Smoke Test","buildName":"Primeira execucao","sessionName":"Abrir App","wdioService":"8.48.0"}],"isNonBstackA11yWDIO":false,"accessibility":false,"testObservability":true,"testContextOptions":{"skipSessionName":false,"skipSessionStatus":false,"sessionNameOmitTestTitle":false,"sessionNamePrependTopLevelSuiteTitle":false,"sessionNameFormat":""},"buildTag":[],"browserstackLocal":false,"browserstackAutomation":true,"selfHeal":false,"disableAutoCaptureLogs":false,"testhub":true,"additionalPlatforms":[],"additionalParams":{},"buildName":"Primeira execucao","projectName":"Smoke Test","buildIdentifier":"#1","browserStackLocalOptions":{"key":"[REDACTED]","skipBinaryInitialisation":false},"hubUrl":"https://hub.browserstack.com/wd/hub"},"ciInfo":{"build_number":null},"versionControlInfo":{},"hostInfo":{"hostname":"GFT-H0QHVP3","platform":"win32","type":"Windows_NT","version":"Windows 10 Enterprise","arch":"x64"},"data":{},"isAppAutomate":false,"browserstackSDK":"WebdriverIO-mocha-ECMAScriptagent/8.48.0","productMap":{"observability":true,"accessibility":false,"percy":false,"automate":true,"app_automate":false,"turboscale":false,"central_scanner":false,"lts":false},"apis":{"automate":{"hub":"https://hub.browserstack.com","cdp":"wss://cdp.browserstack.com","api":"https://api.browserstack.com","upload":"https://api-cloud.browserstack.com"},"appAutomate":{"hub":"https://hub.browserstack.com","cdp":"wss://cdp.browserstack.com","api":"https://api.browserstack.com","upload":"https://api-cloud.browserstack.com"},"percy":{"api":"https://api.browserstack.com"},"turboScale":{"api":"https://grid.browserstack.com"},"accessibility":{"api":"https://accessibility.browserstack.com"},"appAccessibility":{"api":"https://app-accessibility.browserstack.com"},"observability":{"api":"https://collector-observability.browserstack.com","upload":"https://upload-observability.browserstack.com","instrument":"https://api-observability.browserstack.com"},"configServer":{"api":"https://sdk.browserstack.com"},"edsInstrumentation":{"api":"https://eds.browserstack.com"},"tcg":{"api":"https://tcg.browserstack.com"}},"centralAuthFlow":false,"testhub":{"automate":{"success":true,"options":{"allow_screenshots":true}},"jwt":"eyJhbGciOiJIUzI1NiJ9.eyJpc3MiOiJicm93c2Vyc3RhY2tfb2IiLCJzdWIiOiIxMDYxODgyNiIsImdyb3VwX2lkIjo2ODE2MzA4LCJ1c2VyX2lkIjoxMDYxODgyNiwiYnVpbGRfaGFzaGVkX2lkIjoiamxzdTh5a3FlcHh4cnZjeGJ6c21kaXpjeHNueHlrNmEzd3FqZDhsMiIsInByb2plY3RfbmFtZSI6IlNtb2tlIFRlc3QiLCJob29rX2FzX3Rlc3QiOiIxIiwiYnVpbGRfbmFtZSI6IlByaW1laXJhIGV4ZWN1Y2FvIiwicHJvZHVjdF9tYXAiOiJ7XCJvYnNlcnZhYmlsaXR5XCI6dHJ1ZSxcImF1dG9tYXRlXCI6dHJ1ZSxcIm9yaWdpbkZyb21Qcm9kdWN0TWFwXCI6XCJBdXRvbWF0ZVwiLFwiYnN0YWNrQXV0b21hdGlvblwiOnRydWUsXCJjYWRcIjp0cnVlLFwibm9uU0RLXCI6ZmFsc2UsXCJhY2Nlc3NpYmlsaXR5QXV0b0VuYWJsZWRcIjp0cnVlfSIsImdycl9yZWdpb24iOiIiLCJpc19sb3dfdm9sdW1lIjpmYWxzZSwiaXNfbGNuY19ldmVudCI6ZmFsc2UsImlzX2x0c19ldmVudCI6ZmFsc2UsInNpZ25pbmdfa2V5X2hhc2giOiIzN2MxMTMxZTRiMmU3NDNjNzY2ZTFkNzBiZjVmMmI1N2RjNjliMTk1ZDMwMGUzMmFlOGQwMjMxMjBhNGE2ZDk3IiwiaWF0IjoxNzY5NzE5MTczLCJleHAiOjE3NzAwNjQ3NzN9.Rq4tnGU1wtFsEzGUgEFpDyQrVvRivMEwDQ0DrN-0vr4","buildHashedId":"jlsu8ykqepxxrvcxbzsmdizcxsnxyk6a3wqjd8l2","testhubEvents":true},"observability":{"success":true,"options":{"allow_screenshots":true,"testObservabilityOptions":{}}}}
2026-01-29T20:39:40.288Z CLI debug [sdk:service]  [jadsondanilocall_BWul5z]  [jlsu8ykqepxxrvcxbzsmdizcxsnxyk6a3wqjd8l2]  [7767e687-07d1-4c54-b408-b176e4162ebe]  StartBinSession completed: time=29363.88979999721
2026-01-29T20:39:40.289Z CLI debug  [jadsondanilocall_BWul5z]  [jlsu8ykqepxxrvcxbzsmdizcxsnxyk6a3wqjd8l2]  [7767e687-07d1-4c54-b408-b176e4162ebe]  Not Needed to write this in file sdk:cli:startBinSession {"name":"sdk:cli:startBinSession","entryType":"measure","startTime":1769719150934.8623,"duration":29358.0951000005,"detail":null,"success":true,"failure":null,"worker":"unknown","platform":0}
2026-01-29T20:39:40.290Z CLI debug  [jadsondanilocall_BWul5z]  [jlsu8ykqepxxrvcxbzsmdizcxsnxyk6a3wqjd8l2]  [7767e687-07d1-4c54-b408-b176e4162ebe]  Not Needed to write this in file sdk:hook:onStart:instrumentation:module {"name":"sdk:hook:onStart:instrumentation:module","entryType":"measure","startTime":1769719180021.4172,"duration":264.7074999958277,"detail":null,"success":true,"failure":null,"worker":"unknown","platform":0}
2026-01-29T20:39:40.290Z CLI debug  [jadsondanilocall_BWul5z]  [jlsu8ykqepxxrvcxbzsmdizcxsnxyk6a3wqjd8l2]  [7767e687-07d1-4c54-b408-b176e4162ebe]  Not Needed to write this in file request:https://api.browserstack.com/sdk/v1/event {"name":"request:https://api.browserstack.com/sdk/v1/event","entryType":"measure","startTime":1769719180024.427,"duration":260.9931999966502,"detail":null,"success":true,"failure":null,"worker":"unknown","platform":0}
2026-01-29T20:39:40.290Z CLI debug  [jadsondanilocall_BWul5z]  [jlsu8ykqepxxrvcxbzsmdizcxsnxyk6a3wqjd8l2]  [7767e687-07d1-4c54-b408-b176e4162ebe]  Not Needed to write this in file sdk:hook:onStart:observability:module {"name":"sdk:hook:onStart:observability:module","entryType":"measure","startTime":1769719180286.2556,"duration":0.30070000141859055,"detail":null,"success":true,"failure":null,"worker":"unknown","platform":0}
2026-01-29T20:39:40.291Z CLI debug  [jadsondanilocall_BWul5z]  [jlsu8ykqepxxrvcxbzsmdizcxsnxyk6a3wqjd8l2]  [7767e687-07d1-4c54-b408-b176e4162ebe]  Not Needed to write this in file sdk:hook:onStart:accessibility:module {"name":"sdk:hook:onStart:accessibility:module","entryType":"measure","startTime":1769719180286.8792,"duration":0.04519999772310257,"detail":null,"success":true,"failure":null,"worker":"unknown","platform":0}
2026-01-29T20:39:40.291Z CLI debug  [jadsondanilocall_BWul5z]  [jlsu8ykqepxxrvcxbzsmdizcxsnxyk6a3wqjd8l2]  [7767e687-07d1-4c54-b408-b176e4162ebe]  Not Needed to write this in file sdk:hook:onStart:_0x45946a {"name":"sdk:hook:onStart:_0x45946a","entryType":"measure","startTime":1769719180287.0286,"duration":0.1721000000834465,"detail":null,"success":true,"failure":null,"worker":"unknown","platform":0}
2026-01-29T20:39:40.291Z CLI debug  [jadsondanilocall_BWul5z]  [jlsu8ykqepxxrvcxbzsmdizcxsnxyk6a3wqjd8l2]  [7767e687-07d1-4c54-b408-b176e4162ebe]  Not Needed to write this in file sdk:hook:onStart:_0x282aa8 {"name":"sdk:hook:onStart:_0x282aa8","entryType":"measure","startTime":1769719180287.2551,"duration":0.5355999991297722,"detail":null,"success":true,"failure":null,"worker":"unknown","platform":0}
2026-01-29T20:39:40.291Z CLI debug  [jadsondanilocall_BWul5z]  [jlsu8ykqepxxrvcxbzsmdizcxsnxyk6a3wqjd8l2]  [7767e687-07d1-4c54-b408-b176e4162ebe]  Need to write this in file sdk:percy
2026-01-29T20:39:40.292Z CLI debug  [jadsondanilocall_BWul5z]  [jlsu8ykqepxxrvcxbzsmdizcxsnxyk6a3wqjd8l2]  [7767e687-07d1-4c54-b408-b176e4162ebe]  lock attaned.
2026-01-29T20:39:40.293Z CLI debug  [jadsondanilocall_BWul5z]  [jlsu8ykqepxxrvcxbzsmdizcxsnxyk6a3wqjd8l2]  [7767e687-07d1-4c54-b408-b176e4162ebe]  Not Needed to write this in file sdk:hook:onStart:_0x1bc2ab {"name":"sdk:hook:onStart:_0x1bc2ab","entryType":"measure","startTime":1769719180287.8223,"duration":0.415400005877018,"detail":null,"success":true,"failure":null,"worker":"unknown","platform":0}
2026-01-29T20:39:40.293Z CLI debug  [jadsondanilocall_BWul5z]  [jlsu8ykqepxxrvcxbzsmdizcxsnxyk6a3wqjd8l2]  [7767e687-07d1-4c54-b408-b176e4162ebe]  Need to write this in file sdk:automate:local
2026-01-29T20:39:40.293Z CLI debug  [jadsondanilocall_BWul5z]  [jlsu8ykqepxxrvcxbzsmdizcxsnxyk6a3wqjd8l2]  [7767e687-07d1-4c54-b408-b176e4162ebe]  Not Needed to write this in file sdk:hook:onStart:appautomate:module {"name":"sdk:hook:onStart:appautomate:module","entryType":"measure","startTime":1769719180288.267,"duration":0.11779999732971191,"detail":null,"success":true,"failure":null,"worker":"unknown","platform":0}
